project/build/outputs/logs/manifest-merger-debug-report.txt
-- Merging decision tree log ---
manifest
ADDED from Git\Quick-Bart\AndroidManifest.xml:2:1-71:12
INJECTED from Git\Quick-Bart\AndroidManifest.xml:2:1-71:12
INJECTED from Git\Quick-Bart\AndroidManifest.xml:2:1-71:12
MERGED from [com.android.support:support-v4:27.0.2] AndroidManifest.xml:17:1-22:12
MERGED from [com.android.support:support-media-compat:27.0.2] AndroidManifest.xml:17:1-22:12
MERGED from [com.android.support:support-fragment:27.0.2] AndroidManifest.xml:17:1-22:12
MERGED from [com.android.support:support-core-utils:27.0.2] AndroidManifest.xml:17:1-22:12
MERGED from [com.android.support:support-core-ui:27.0.2] AndroidManifest.xml:17:1-22:12
MERGED from [com.android.support:support-compat:27.0.2] AndroidManifest.xml:17:1-22:12
MERGED from [android.arch.lifecycle:runtime:1.0.3] AndroidManifest.xml:17:1-24:12
INJECTED from Git\Quick-Bart\AndroidManifest.xml:2:1-71:12
INJECTED from Git\Quick-Bart\AndroidManifest.xml:2:1-71:12
	package
		ADDED from Git\Quick-Bart\AndroidManifest.xml:3:5-32
	android:versionName
		ADDED from Git\Quick-Bart\AndroidManifest.xml:6:5-30
		INJECTED from Git\Quick-Bart\AndroidManifest.xml
		INJECTED from Git\Quick-Bart\AndroidManifest.xml
	xmlns:android
		ADDED from Git\Quick-Bart\AndroidManifest.xml:2:11-69
	android:versionCode
		ADDED from Git\Quick-Bart\AndroidManifest.xml:5:5-28
		INJECTED from Git\Quick-Bart\AndroidManifest.xml
		INJECTED from Git\Quick-Bart\AndroidManifest.xml
	android:installLocation
		ADDED from Git\Quick-Bart\AndroidManifest.xml:4:5-35
uses-sdk
ADDED from Git\Quick-Bart\AndroidManifest.xml:8:5-10:41
INJECTED from Git\Quick-Bart\AndroidManifest.xml:8:5-10:41
INJECTED from Git\Quick-Bart\AndroidManifest.xml:8:5-10:41
MERGED from [com.android.support:support-v4:27.0.2] AndroidManifest.xml:20:5-44
MERGED from [com.android.support:support-v4:27.0.2] AndroidManifest.xml:20:5-44
MERGED from [com.android.support:support-media-compat:27.0.2] AndroidManifest.xml:20:5-44
MERGED from [com.android.support:support-media-compat:27.0.2] AndroidManifest.xml:20:5-44
MERGED from [com.android.support:support-fragment:27.0.2] AndroidManifest.xml:20:5-44
MERGED from [com.android.support:support-fragment:27.0.2] AndroidManifest.xml:20:5-44
MERGED from [com.android.support:support-core-utils:27.0.2] AndroidManifest.xml:20:5-44
MERGED from [com.android.support:support-core-utils:27.0.2] AndroidManifest.xml:20:5-44
MERGED from [com.android.support:support-core-ui:27.0.2] AndroidManifest.xml:20:5-44
MERGED from [com.android.support:support-core-ui:27.0.2] AndroidManifest.xml:20:5-44
MERGED from [com.android.support:support-compat:27.0.2] AndroidManifest.xml:20:5-44
MERGED from [com.android.support:support-compat:27.0.2] AndroidManifest.xml:20:5-44
MERGED from [android.arch.lifecycle:runtime:1.0.3] AndroidManifest.xml:20:5-22:41
MERGED from [android.arch.lifecycle:runtime:1.0.3] AndroidManifest.xml:20:5-22:41
INJECTED from Git\Quick-Bart\AndroidManifest.xml:8:5-10:41
INJECTED from Git\Quick-Bart\AndroidManifest.xml:8:5-10:41
	android:targetSdkVersion
		ADDED from Git\Quick-Bart\AndroidManifest.xml:10:9-38
		INJECTED from Git\Quick-Bart\AndroidManifest.xml
		INJECTED from Git\Quick-Bart\AndroidManifest.xml
	android:minSdkVersion
		ADDED from Git\Quick-Bart\AndroidManifest.xml:9:9-35
		INJECTED from Git\Quick-Bart\AndroidManifest.xml
		INJECTED from Git\Quick-Bart\AndroidManifest.xml
uses-permission#android.permission.INTERNET
ADDED from Git\Quick-Bart\AndroidManifest.xml:12:5-67
	android:name
		ADDED from Git\Quick-Bart\AndroidManifest.xml:12:22-64
uses-permission#android.permission.ACCESS_FINE_LOCATION
ADDED from Git\Quick-Bart\AndroidManifest.xml:13:5-79
	android:name
		ADDED from Git\Quick-Bart\AndroidManifest.xml:13:22-76
uses-permission#android.permission.VIBRATE
ADDED from Git\Quick-Bart\AndroidManifest.xml:14:5-66
	android:name
		ADDED from Git\Quick-Bart\AndroidManifest.xml:14:22-63
uses-permission#android.permission.NFC
ADDED from Git\Quick-Bart\AndroidManifest.xml:15:5-62
	android:name
		ADDED from Git\Quick-Bart\AndroidManifest.xml:15:22-59
application
ADDED from Git\Quick-Bart\AndroidManifest.xml:17:5-69:19
	android:label
		ADDED from Git\Quick-Bart\AndroidManifest.xml:19:9-41
	android:icon
		ADDED from Git\Quick-Bart\AndroidManifest.xml:18:9-45
	android:allowBackup
		ADDED from Git\Quick-Bart\AndroidManifest.xml:21:9-36
	android:theme
		ADDED from Git\Quick-Bart\AndroidManifest.xml:20:9-42
activity#com.kevingil.bart.MainActivity
ADDED from Git\Quick-Bart\AndroidManifest.xml:22:9-32:20
	android:screenOrientation
		ADDED from Git\Quick-Bart\AndroidManifest.xml:26:13-49
	android:label
		ADDED from Git\Quick-Bart\AndroidManifest.xml:24:13-45
	android:launchMode
		ADDED from Git\Quick-Bart\AndroidManifest.xml:25:13-43
	android:name
		ADDED from Git\Quick-Bart\AndroidManifest.xml:23:13-58
intent-filter#android.intent.action.MAIN+android.intent.category.LAUNCHER
ADDED from Git\Quick-Bart\AndroidManifest.xml:27:13-31:29
action#android.intent.action.MAIN
ADDED from Git\Quick-Bart\AndroidManifest.xml:28:17-69
	android:name
		ADDED from Git\Quick-Bart\AndroidManifest.xml:28:25-66
category#android.intent.category.LAUNCHER
ADDED from Git\Quick-Bart\AndroidManifest.xml:30:17-77
	android:name
		ADDED from Git\Quick-Bart\AndroidManifest.xml:30:27-74
activity#com.kevingil.bart.MapActivity
ADDED from Git\Quick-Bart\AndroidManifest.xml:33:9-35:52
	android:screenOrientation
		ADDED from Git\Quick-Bart\AndroidManifest.xml:35:13-49
	android:name
		ADDED from Git\Quick-Bart\AndroidManifest.xml:34:13-57
service#com.kevingil.bart.UsherService
ADDED from Git\Quick-Bart\AndroidManifest.xml:37:9-41:19
	android:label
		ADDED from Git\Quick-Bart\AndroidManifest.xml:40:13-44
	android:icon
		ADDED from Git\Quick-Bart\AndroidManifest.xml:39:13-49
	android:name
		ADDED from Git\Quick-Bart\AndroidManifest.xml:38:13-40
activity#com.crittercism.NotificationActivity
ADDED from Git\Quick-Bart\AndroidManifest.xml:44:9-73
	android:name
		ADDED from Git\Quick-Bart\AndroidManifest.xml:44:19-70
activity#com.crittercism.NewFeedbackSpringboardActivity
ADDED from Git\Quick-Bart\AndroidManifest.xml:47:9-50:20
	android:theme
		ADDED from Git\Quick-Bart\AndroidManifest.xml:49:13-77
	android:name
		ADDED from Git\Quick-Bart\AndroidManifest.xml:48:13-74
activity#com.crittercism.NewFeedbackIssueListActivity
ADDED from Git\Quick-Bart\AndroidManifest.xml:51:9-54:20
	android:theme
		ADDED from Git\Quick-Bart\AndroidManifest.xml:53:13-77
	android:name
		ADDED from Git\Quick-Bart\AndroidManifest.xml:52:13-72
activity#com.crittercism.NewFeedbackQuestionListActivity
ADDED from Git\Quick-Bart\AndroidManifest.xml:55:9-58:20
	android:theme
		ADDED from Git\Quick-Bart\AndroidManifest.xml:57:13-77
	android:name
		ADDED from Git\Quick-Bart\AndroidManifest.xml:56:13-75
activity#com.crittercism.NewFeedbackItemDetailsActivity
ADDED from Git\Quick-Bart\AndroidManifest.xml:59:9-62:20
	android:theme
		ADDED from Git\Quick-Bart\AndroidManifest.xml:61:13-77
	android:name
		ADDED from Git\Quick-Bart\AndroidManifest.xml:60:13-74
activity#com.crittercism.NewFeedbackCreateActivity
ADDED from Git\Quick-Bart\AndroidManifest.xml:63:9-66:20
	android:theme
		ADDED from Git\Quick-Bart\AndroidManifest.xml:65:13-77
	android:name
		ADDED from Git\Quick-Bart\AndroidManifest.xml:64:13-69